2025-03-21 10:51:36,269 - INFO - Encryption key generated and securely stored.
2025-03-21 10:56:09,607 - INFO - Encryption key generated and securely stored.
2025-03-21 10:56:23,664 - INFO - Encrypted D:\Dharini\os\example.txt -> D:\Dharini\os\example.txt.enc
2025-03-21 10:57:08,821 - INFO - Decrypted D:\Dharini\os\example.txt.enc -> D:\Dharini\os\example.txt
2025-03-21 17:48:57,073 - INFO - Encrypted D:\Dharini\os\example.txt -> D:\Dharini\os\example.txt.enc
2025-03-21 17:56:27,957 - INFO - Decoy file created: D:\Dharini\os\example_backup.txt
2025-03-21 17:56:27,985 - INFO - Encrypted D:\Dharini\os\example.txt -> D:\Dharini\os\example.txt.enc
2025-03-21 17:57:38,840 - INFO - Decrypted D:\Dharini\os\example.txt.enc -> D:\Dharini\os\example.txt
2025-03-21 18:00:19,374 - INFO - Encrypted D:\Dharini\os\example.txt -> D:\Dharini\os\example.txt.enc
2025-03-21 18:00:21,412 - INFO - Original file D:\Dharini\os\example.txt deleted.
2025-03-21 18:00:53,996 - INFO - Decrypted D:\Dharini\os\example.txt.enc -> D:\Dharini\os\example.txt
2025-03-21 18:04:45,323 - INFO - Encrypted example.txt -> example.txt.enc
2025-03-21 18:04:55,320 - INFO - Original file example.txt deleted.
2025-03-21 18:05:19,967 - INFO - Decrypted example.txt.enc -> example.txt
2025-03-21 18:09:26,659 - INFO - Encrypted example.txt -> example.txt.enc
2025-03-21 18:09:36,793 - INFO - Original file example.txt deleted.
2025-03-21 18:09:59,192 - INFO - Decrypted example.txt.enc -> example.txt
2025-03-21 18:17:35,074 - INFO - Encrypted example.txt -> example.txt.enc
2025-03-21 18:17:43,784 - INFO - Original file example.txt deleted.
2025-03-21 18:18:00,734 - INFO - Decrypted example.txt.enc -> example.txt
2025-03-21 18:21:05,247 - INFO - Encrypted example.txt -> example.txt.enc
2025-03-21 18:21:07,969 - INFO - Original file example.txt deleted.
2025-03-21 18:21:23,579 - INFO - Decrypted example.txt.enc -> example.txt
2025-03-21 18:23:43,629 - INFO - Encrypted example.txt -> example.txt.enc
2025-03-21 18:23:49,557 - INFO - Original file example.txt deleted.
2025-03-21 18:28:25,369 - INFO - Encrypted example.txt -> example.txt.enc
2025-03-21 18:28:31,674 - INFO - Original file example.txt deleted.
2025-03-21 18:33:37,732 - INFO - Encrypted example.txt.enc -> example.txt.enc.enc
2025-03-21 18:33:41,601 - INFO - Original file example.txt.enc deleted.
2025-03-21 18:34:00,509 - INFO - Decrypted example.txt.enc.enc -> example.txt
2025-03-21 18:34:18,300 - INFO - Decrypted example.txt -> example.txt
2025-03-21 18:35:04,806 - INFO - Encrypted example.txt -> example.txt.enc
2025-03-21 18:35:11,118 - INFO - Original file example.txt deleted.
2025-03-21 18:35:21,836 - INFO - Decrypted example.txt.enc -> example.txt
2025-03-21 18:39:31,031 - INFO - Encrypted example.txt -> example.txt.enc
2025-03-21 18:39:31,032 - INFO - Decoy file created: example.txt.decoy.txt
2025-03-21 18:39:44,719 - INFO - Original file example.txt deleted.
2025-03-21 18:40:00,649 - INFO - Decrypted example.txt.enc -> example.txt
2025-03-21 21:31:05,944 - INFO - Encrypted example.txt -> example.txt.enc
2025-03-21 21:31:05,945 - INFO - Decoy file created: example.txt.decoy.txt
2025-03-21 21:32:27,465 - INFO - Original file example.txt deleted.
2025-03-21 21:34:01,497 - INFO - Encrypted example.txt -> example.txt.enc
2025-03-21 21:34:01,499 - INFO - Decoy file created: example.txt.decoy.txt
2025-03-21 21:34:15,203 - INFO - Original file example.txt deleted.
2025-03-21 21:34:53,361 - INFO - Decrypted example.txt.enc -> example.txt
